[18:48:39] [ServerMain/INFO]: Environment: Environment[sessionHost=https://sessionserver.mojang.com, servicesHost=https://api.minecraftservices.com, profilesHost=https://api.mojang.com, name=PROD]
[18:48:40] [ServerMain/INFO]: No existing world data, creating new world
[18:48:41] [ServerMain/INFO]: Loaded 1470 recipes
[18:48:41] [ServerMain/INFO]: Loaded 1584 advancements
[18:48:41] [Server thread/INFO]: Starting minecraft server version 1.21.11
[18:48:41] [Server thread/INFO]: Loading properties
[18:48:41] [Server thread/INFO]: Default game type: SURVIVAL
[18:48:41] [Server thread/INFO]: Generating keypair
[18:48:41] [Server thread/INFO]: Starting Minecraft server on *:25565
[18:48:42] [Server thread/WARN]: **** SERVER IS RUNNING IN OFFLINE/INSECURE MODE!
[18:48:42] [Server thread/WARN]: The server will make no attempt to authenticate usernames. Beware.
[18:48:42] [Server thread/WARN]: While this makes the game possible to play without internet access, it also opens up the ability for hackers to connect with any username they choose.
[18:48:42] [Server thread/WARN]: To change this, set "online-mode" to "true" in the server.properties file.
[18:48:42] [Server thread/INFO]: Preparing level "world"
[18:48:42] [Server thread/INFO]: Selecting global world spawn...
[18:48:50] [Server thread/INFO]: Loading 0 persistent chunks...
[18:48:50] [Server thread/INFO]: Preparing spawn area: 100%
[18:48:50] [Server thread/INFO]: Time elapsed: 8146 ms
[18:48:50] [Server thread/INFO]: Done (8.532s)! For help, type "help"
[18:49:50] [Server thread/INFO]: Server empty for 60 seconds, pausing
[18:50:25] [Server thread/INFO]: Crlw3b[/100.90.110.114:51405] logged in with entity id 21 at (181.5, 74.0, 129.5)
[18:50:26] [Server thread/INFO]: Crlw3b joined the game
[18:53:20] [Server thread/INFO]: Crlw3b has made the advancement [Stone Age]
[18:54:39] [Server thread/INFO]: Crlw3b has made the advancement [Getting an Upgrade]
[18:57:54] [Server thread/INFO]: Crlw3b has made the advancement [Acquire Hardware]
[18:59:53] [Server thread/INFO]: Crlw3b has made the advancement [Sweet Dreams]
[19:06:54] [Server thread/INFO]: Crlw3b has made the advancement [Isn't It Iron Pick]
[19:07:23] [Server thread/INFO]: Crlw3b has made the advancement [Monster Hunter]
[19:07:31] [Server thread/INFO]: Crlw3b has made the advancement [Not Today, Thank You]
[19:07:51] [Server thread/INFO]: Crlw3b has made the advancement [Take Aim]
[19:08:31] [Server thread/INFO]: Crlw3b was slain by Zombie
[19:08:37] [Server thread/INFO]: Crlw3b lost connection: Disconnected
[19:08:37] [Server thread/INFO]: Crlw3b left the game
[19:09:37] [Server thread/INFO]: Server empty for 60 seconds, pausing
